0 info it worked if it ends with ok
1 verbose cli [ '/home/ubuntu/.nvm/versions/node/v6.11.2/bin/node',
1 verbose cli   '/home/ubuntu/.nvm/versions/node/v6.11.2/bin/npm',
1 verbose cli   'run',
1 verbose cli   'start' ]
2 info using npm@3.10.10
3 info using node@v6.11.2
4 verbose stack Error: missing script: start
4 verbose stack     at run (/home/ubuntu/.nvm/versions/node/v6.11.2/lib/node_modules/npm/lib/run-script.js:151:19)
4 verbose stack     at /home/ubuntu/.nvm/versions/node/v6.11.2/lib/node_modules/npm/lib/run-script.js:61:5
4 verbose stack     at /home/ubuntu/.nvm/versions/node/v6.11.2/lib/node_modules/npm/node_modules/read-package-json/read-json.js:356:5
4 verbose stack     at checkBinReferences_ (/home/ubuntu/.nvm/versions/node/v6.11.2/lib/node_modules/npm/node_modules/read-package-json/read-json.js:320:45)
4 verbose stack     at final (/home/ubuntu/.nvm/versions/node/v6.11.2/lib/node_modules/npm/node_modules/read-package-json/read-json.js:354:3)
4 verbose stack     at then (/home/ubuntu/.nvm/versions/node/v6.11.2/lib/node_modules/npm/node_modules/read-package-json/read-json.js:124:5)
4 verbose stack     at /home/ubuntu/.nvm/versions/node/v6.11.2/lib/node_modules/npm/node_modules/read-package-json/read-json.js:311:12
4 verbose stack     at /home/ubuntu/.nvm/versions/node/v6.11.2/lib/node_modules/npm/node_modules/graceful-fs/graceful-fs.js:78:16
4 verbose stack     at tryToString (fs.js:456:3)
4 verbose stack     at FSReqWrap.readFileAfterClose [as oncomplete] (fs.js:443:12)
5 verbose cwd /home/ubuntu/workspace/web/app/themes/theme_svbk/blocks
6 error Linux 4.9.120-c9
7 error argv "/home/ubuntu/.nvm/versions/node/v6.11.2/bin/node" "/home/ubuntu/.nvm/versions/node/v6.11.2/bin/npm" "run" "start"
8 error node v6.11.2
9 error npm  v3.10.10
10 error missing script: start
11 error If you need help, you may report this error at:
11 error     <https://github.com/npm/npm/issues>
12 verbose exit [ 1, true ]
